<?xml version="1.0" encoding="UTF-8"?>
<!-- Generated by org.testng.reporters.JUnitReportReporter -->
<testsuite hostname="DESKTOP-U478A02" failures="0" tests="1" name="testCases.TC_002_LoginTest" time="4.454" errors="0" timestamp="2024-04-21T17:47:08 IST" skipped="0">
  <testcase classname="testCases.TC_002_LoginTest" name="verify_login" time="4.454"/>
</testsuite> <!-- testCases.TC_002_LoginTest -->
