<?xml version="1.0" encoding="UTF-8"?>
<!-- Generated by org.testng.reporters.JUnitReportReporter -->
<testsuite hostname="DESKTOP-U478A02" failures="0" tests="1" name="testCases.TC_004_SearchProductTest" time="1.858" errors="0" timestamp="2024-04-23T16:10:35 IST" skipped="0">
  <testcase classname="testCases.TC_004_SearchProductTest" name="verify_pruductSearch" time="1.858"/>
</testsuite> <!-- testCases.TC_004_SearchProductTest -->
